<?xml version="1.0" encoding="UTF-8"?>
<!-- Generated by org.testng.reporters.JUnitReportReporter -->
<testsuite hostname="DESKTOP-DV5D261" failures="0" tests="8" name="TestPackage.VerifyHeaderfunctionality" time="74.826" errors="0" timestamp="2021-10-16T15:42:31 IST" skipped="4">
  <testcase classname="TestPackage.VerifyHeaderfunctionality" name="VerifyOrders" time="18.909"/>
  <system-out/>
  <testcase classname="TestPackage.VerifyHeaderfunctionality" name="VerifyOrders" time="0.000">
    <skipped/>
  </testcase> <!-- VerifyOrders -->
  <system-out/>
  <testcase classname="TestPackage.VerifyHeaderfunctionality" name="VerifyOrders" time="0.000">
    <skipped/>
  </testcase> <!-- VerifyOrders -->
  <system-out/>
  <testcase classname="TestPackage.VerifyHeaderfunctionality" name="VerifyOrders" time="17.934"/>
  <system-out/>
  <testcase classname="TestPackage.VerifyHeaderfunctionality" name="VerifyOrders" time="18.201"/>
  <system-out/>
  <testcase classname="TestPackage.VerifyHeaderfunctionality" name="VerifyOrders" time="0.000">
    <skipped/>
  </testcase> <!-- VerifyOrders -->
  <system-out/>
  <testcase classname="TestPackage.VerifyHeaderfunctionality" name="VerifyMarkets" time="0.000">
    <skipped/>
  </testcase> <!-- VerifyMarkets -->
  <system-out/>
  <testcase classname="TestPackage.VerifyHeaderfunctionality" name="VerifyMarkets" time="19.782"/>
  <system-out/>
</testsuite> <!-- TestPackage.VerifyHeaderfunctionality -->
