<?xml version="1.0" encoding="UTF-8"?>
<!-- Generated by org.testng.reporters.JUnitReportReporter -->
<testsuite hostname="DESKTOP-DV5D261" failures="0" tests="1" name="TestPackage.TestNGAngel" time="16.194" errors="0" timestamp="2021-10-12T22:34:44 IST" skipped="0">
  <testcase classname="TestPackage.TestNGAngel" name="VerifyLogInButton" time="16.194"/>
  <system-out/>
</testsuite> <!-- TestPackage.TestNGAngel -->
